|--- feature_5 <= 0.50
|   |--- feature_4 <= 0.88
|   |   |--- feature_0 <= 0.50
|   |   |   |--- class: 0.0
|   |   |--- feature_0 >  0.50
|   |   |   |--- feature_4 <= 0.71
|   |   |   |   |--- feature_7 <= 0.69
|   |   |   |   |   |--- feature_4 <= 0.41
|   |   |   |   |   |   |--- class: 0.0
|   |   |   |   |   |--- feature_4 >  0.41
|   |   |   |   |   |   |--- feature_7 <= 0.66
|   |   |   |   |   |   |   |--- feature_2 <= 0.54
|   |   |   |   |   |   |   |   |--- feature_4 <= 0.63
|   |   |   |   |   |   |   |   |   |--- feature_4 <= 0.49
|   |   |   |   |   |   |   |   |   |   |--- class: 1.0
|   |   |   |   |   |   |   |   |   |--- feature_4 >  0.49
|   |   |   |   |   |   |   |   |   |   |--- feature_4 <= 0.57
|   |   |   |   |   |   |   |   |   |   |   |--- truncated branch of depth 5
|   |   |   |   |   |   |   |   |   |   |--- feature_4 >  0.57
|   |   |   |   |   |   |   |   |   |   |   |--- class: 1.0
|   |   |   |   |   |   |   |   |--- feature_4 >  0.63
|   |   |   |   |   |   |   |   |   |--- class: 0.0
|   |   |   |   |   |   |   |--- feature_2 >  0.54
|   |   |   |   |   |   |   |   |--- feature_3 <= 0.16
|   |   |   |   |   |   |   |   |   |--- class: 1.0
|   |   |   |   |   |   |   |   |--- feature_3 >  0.16
|   |   |   |   |   |   |   |   |   |--- feature_3 <= 0.36
|   |   |   |   |   |   |   |   |   |   |--- class: 0.0
|   |   |   |   |   |   |   |   |   |--- feature_3 >  0.36
|   |   |   |   |   |   |   |   |   |   |--- feature_7 <= 0.56
|   |   |   |   |   |   |   |   |   |   |   |--- truncated branch of depth 3
|   |   |   |   |   |   |   |   |   |   |--- feature_7 >  0.56
|   |   |   |   |   |   |   |   |   |   |   |--- class: 0.0
|   |   |   |   |   |   |--- feature_7 >  0.66
|   |   |   |   |   |   |   |--- feature_3 <= 0.16
|   |   |   |   |   |   |   |   |--- class: 0.0
|   |   |   |   |   |   |   |--- feature_3 >  0.16
|   |   |   |   |   |   |   |   |--- class: 1.0
|   |   |   |   |--- feature_7 >  0.69
|   |   |   |   |   |--- feature_4 <= 0.50
|   |   |   |   |   |   |--- feature_7 <= 0.81
|   |   |   |   |   |   |   |--- feature_3 <= 0.36
|   |   |   |   |   |   |   |   |--- feature_3 <= 0.32
|   |   |   |   |   |   |   |   |   |--- feature_7 <= 0.72
|   |   |   |   |   |   |   |   |   |   |--- feature_8 <= 0.67
|   |   |   |   |   |   |   |   |   |   |   |--- class: 1.0
|   |   |   |   |   |   |   |   |   |   |--- feature_8 >  0.67
|   |   |   |   |   |   |   |   |   |   |   |--- class: 0.0
|   |   |   |   |   |   |   |   |   |--- feature_7 >  0.72
|   |   |   |   |   |   |   |   |   |   |--- class: 0.0
|   |   |   |   |   |   |   |   |--- feature_3 >  0.32
|   |   |   |   |   |   |   |   |   |--- feature_2 <= 0.36
|   |   |   |   |   |   |   |   |   |   |--- class: 1.0
|   |   |   |   |   |   |   |   |   |--- feature_2 >  0.36
|   |   |   |   |   |   |   |   |   |   |--- feature_2 <= 0.71
|   |   |   |   |   |   |   |   |   |   |   |--- class: 0.0
|   |   |   |   |   |   |   |   |   |   |--- feature_2 >  0.71
|   |   |   |   |   |   |   |   |   |   |   |--- truncated branch of depth 2
|   |   |   |   |   |   |   |--- feature_3 >  0.36
|   |   |   |   |   |   |   |   |--- class: 0.0
|   |   |   |   |   |   |--- feature_7 >  0.81
|   |   |   |   |   |   |   |--- class: 0.0
|   |   |   |   |   |--- feature_4 >  0.50
|   |   |   |   |   |   |--- feature_3 <= 0.32
|   |   |   |   |   |   |   |--- feature_2 <= 0.81
|   |   |   |   |   |   |   |   |--- feature_2 <= 0.54
|   |   |   |   |   |   |   |   |   |--- feature_2 <= 0.48
|   |   |   |   |   |   |   |   |   |   |--- feature_3 <= 0.29
|   |   |   |   |   |   |   |   |   |   |   |--- truncated branch of depth 5
|   |   |   |   |   |   |   |   |   |   |--- feature_3 >  0.29
|   |   |   |   |   |   |   |   |   |   |   |--- truncated branch of depth 2
|   |   |   |   |   |   |   |   |   |--- feature_2 >  0.48
|   |   |   |   |   |   |   |   |   |   |--- feature_4 <= 0.52
|   |   |   |   |   |   |   |   |   |   |   |--- class: 0.0
|   |   |   |   |   |   |   |   |   |   |--- feature_4 >  0.52
|   |   |   |   |   |   |   |   |   |   |   |--- class: 1.0
|   |   |   |   |   |   |   |   |--- feature_2 >  0.54
|   |   |   |   |   |   |   |   |   |--- feature_7 <= 0.78
|   |   |   |   |   |   |   |   |   |   |--- feature_7 <= 0.74
|   |   |   |   |   |   |   |   |   |   |   |--- class: 0.0
|   |   |   |   |   |   |   |   |   |   |--- feature_7 >  0.74
|   |   |   |   |   |   |   |   |   |   |   |--- class: 1.0
|   |   |   |   |   |   |   |   |   |--- feature_7 >  0.78
|   |   |   |   |   |   |   |   |   |   |--- class: 0.0
|   |   |   |   |   |   |   |--- feature_2 >  0.81
|   |   |   |   |   |   |   |   |--- feature_4 <= 0.62
|   |   |   |   |   |   |   |   |   |--- class: 1.0
|   |   |   |   |   |   |   |   |--- feature_4 >  0.62
|   |   |   |   |   |   |   |   |   |--- class: 0.0
|   |   |   |   |   |   |--- feature_3 >  0.32
|   |   |   |   |   |   |   |--- feature_8 <= 0.50
|   |   |   |   |   |   |   |   |--- feature_7 <= 0.89
|   |   |   |   |   |   |   |   |   |--- feature_2 <= 0.68
|   |   |   |   |   |   |   |   |   |   |--- class: 0.0
|   |   |   |   |   |   |   |   |   |--- feature_2 >  0.68
|   |   |   |   |   |   |   |   |   |   |--- feature_7 <= 0.84
|   |   |   |   |   |   |   |   |   |   |   |--- class: 1.0
|   |   |   |   |   |   |   |   |   |   |--- feature_7 >  0.84
|   |   |   |   |   |   |   |   |   |   |   |--- class: 0.0
|   |   |   |   |   |   |   |   |--- feature_7 >  0.89
|   |   |   |   |   |   |   |   |   |--- class: 1.0
|   |   |   |   |   |   |   |--- feature_8 >  0.50
|   |   |   |   |   |   |   |   |--- feature_4 <= 0.70
|   |   |   |   |   |   |   |   |   |--- feature_2 <= 0.48
|   |   |   |   |   |   |   |   |   |   |--- feature_2 <= 0.48
|   |   |   |   |   |   |   |   |   |   |   |--- truncated branch of depth 4
|   |   |   |   |   |   |   |   |   |   |--- feature_2 >  0.48
|   |   |   |   |   |   |   |   |   |   |   |--- class: 1.0
|   |   |   |   |   |   |   |   |   |--- feature_2 >  0.48
|   |   |   |   |   |   |   |   |   |   |--- class: 0.0
|   |   |   |   |   |   |   |   |--- feature_4 >  0.70
|   |   |   |   |   |   |   |   |   |--- feature_8 <= 0.83
|   |   |   |   |   |   |   |   |   |   |--- class: 0.0
|   |   |   |   |   |   |   |   |   |--- feature_8 >  0.83
|   |   |   |   |   |   |   |   |   |   |--- class: 1.0
|   |   |   |--- feature_4 >  0.71
|   |   |   |   |--- feature_1 <= 0.12
|   |   |   |   |   |--- feature_3 <= 0.91
|   |   |   |   |   |   |--- feature_2 <= 0.29
|   |   |   |   |   |   |   |--- feature_4 <= 0.79
|   |   |   |   |   |   |   |   |--- class: 0.0
|   |   |   |   |   |   |   |--- feature_4 >  0.79
|   |   |   |   |   |   |   |   |--- class: 1.0
|   |   |   |   |   |   |--- feature_2 >  0.29
|   |   |   |   |   |   |   |--- feature_4 <= 0.72
|   |   |   |   |   |   |   |   |--- feature_2 <= 0.56
|   |   |   |   |   |   |   |   |   |--- feature_3 <= 0.36
|   |   |   |   |   |   |   |   |   |   |--- feature_7 <= 0.75
|   |   |   |   |   |   |   |   |   |   |   |--- class: 1.0
|   |   |   |   |   |   |   |   |   |   |--- feature_7 >  0.75
|   |   |   |   |   |   |   |   |   |   |   |--- class: 0.0
|   |   |   |   |   |   |   |   |   |--- feature_3 >  0.36
|   |   |   |   |   |   |   |   |   |   |--- class: 0.0
|   |   |   |   |   |   |   |   |--- feature_2 >  0.56
|   |   |   |   |   |   |   |   |   |--- class: 1.0
|   |   |   |   |   |   |   |--- feature_4 >  0.72
|   |   |   |   |   |   |   |   |--- feature_3 <= 0.10
|   |   |   |   |   |   |   |   |   |--- class: 1.0
|   |   |   |   |   |   |   |   |--- feature_3 >  0.10
|   |   |   |   |   |   |   |   |   |--- feature_4 <= 0.76
|   |   |   |   |   |   |   |   |   |   |--- feature_2 <= 0.29
|   |   |   |   |   |   |   |   |   |   |   |--- truncated branch of depth 2
|   |   |   |   |   |   |   |   |   |   |--- feature_2 >  0.29
|   |   |   |   |   |   |   |   |   |   |   |--- class: 0.0
|   |   |   |   |   |   |   |   |   |--- feature_4 >  0.76
|   |   |   |   |   |   |   |   |   |   |--- feature_2 <= 0.52
|   |   |   |   |   |   |   |   |   |   |   |--- truncated branch of depth 4
|   |   |   |   |   |   |   |   |   |   |--- feature_2 >  0.52
|   |   |   |   |   |   |   |   |   |   |   |--- truncated branch of depth 6
|   |   |   |   |   |--- feature_3 >  0.91
|   |   |   |   |   |   |--- feature_4 <= 0.74
|   |   |   |   |   |   |   |--- feature_7 <= 0.80
|   |   |   |   |   |   |   |   |--- class: 1.0
|   |   |   |   |   |   |   |--- feature_7 >  0.80
|   |   |   |   |   |   |   |   |--- class: 0.0
|   |   |   |   |   |   |--- feature_4 >  0.74
|   |   |   |   |   |   |   |--- class: 1.0
|   |   |   |   |--- feature_1 >  0.12
|   |   |   |   |   |--- feature_7 <= 0.66
|   |   |   |   |   |   |--- feature_2 <= 0.48
|   |   |   |   |   |   |   |--- class: 1.0
|   |   |   |   |   |   |--- feature_2 >  0.48
|   |   |   |   |   |   |   |--- feature_3 <= 0.14
|   |   |   |   |   |   |   |   |--- class: 0.0
|   |   |   |   |   |   |   |--- feature_3 >  0.14
|   |   |   |   |   |   |   |   |--- feature_4 <= 0.82
|   |   |   |   |   |   |   |   |   |--- feature_4 <= 0.71
|   |   |   |   |   |   |   |   |   |   |--- feature_3 <= 0.25
|   |   |   |   |   |   |   |   |   |   |   |--- class: 0.0
|   |   |   |   |   |   |   |   |   |   |--- feature_3 >  0.25
|   |   |   |   |   |   |   |   |   |   |   |--- class: 1.0
|   |   |   |   |   |   |   |   |   |--- feature_4 >  0.71
|   |   |   |   |   |   |   |   |   |   |--- class: 1.0
|   |   |   |   |   |   |   |   |--- feature_4 >  0.82
|   |   |   |   |   |   |   |   |   |--- class: 0.0
|   |   |   |   |   |--- feature_7 >  0.66
|   |   |   |   |   |   |--- feature_2 <= 0.50
|   |   |   |   |   |   |   |--- feature_6 <= 0.50
|   |   |   |   |   |   |   |   |--- feature_3 <= 0.11
|   |   |   |   |   |   |   |   |   |--- class: 1.0
|   |   |   |   |   |   |   |   |--- feature_3 >  0.11
|   |   |   |   |   |   |   |   |   |--- class: 0.0
|   |   |   |   |   |   |   |--- feature_6 >  0.50
|   |   |   |   |   |   |   |   |--- feature_4 <= 0.76
|   |   |   |   |   |   |   |   |   |--- feature_4 <= 0.74
|   |   |   |   |   |   |   |   |   |   |--- class: 0.0
|   |   |   |   |   |   |   |   |   |--- feature_4 >  0.74
|   |   |   |   |   |   |   |   |   |   |--- class: 1.0
|   |   |   |   |   |   |   |   |--- feature_4 >  0.76
|   |   |   |   |   |   |   |   |   |--- class: 0.0
|   |   |   |   |   |   |--- feature_2 >  0.50
|   |   |   |   |   |   |   |--- feature_2 <= 0.68
|   |   |   |   |   |   |   |   |--- feature_7 <= 0.76
|   |   |   |   |   |   |   |   |   |--- feature_2 <= 0.54
|   |   |   |   |   |   |   |   |   |   |--- class: 0.0
|   |   |   |   |   |   |   |   |   |--- feature_2 >  0.54
|   |   |   |   |   |   |   |   |   |   |--- class: 1.0
|   |   |   |   |   |   |   |   |--- feature_7 >  0.76
|   |   |   |   |   |   |   |   |   |--- class: 1.0
|   |   |   |   |   |   |   |--- feature_2 >  0.68
|   |   |   |   |   |   |   |   |--- feature_4 <= 0.73
|   |   |   |   |   |   |   |   |   |--- feature_1 <= 0.62
|   |   |   |   |   |   |   |   |   |   |--- class: 1.0
|   |   |   |   |   |   |   |   |   |--- feature_1 >  0.62
|   |   |   |   |   |   |   |   |   |   |--- class: 0.0
|   |   |   |   |   |   |   |   |--- feature_4 >  0.73
|   |   |   |   |   |   |   |   |   |--- feature_7 <= 0.73
|   |   |   |   |   |   |   |   |   |   |--- feature_7 <= 0.70
|   |   |   |   |   |   |   |   |   |   |   |--- class: 0.0
|   |   |   |   |   |   |   |   |   |   |--- feature_7 >  0.70
|   |   |   |   |   |   |   |   |   |   |   |--- class: 1.0
|   |   |   |   |   |   |   |   |   |--- feature_7 >  0.73
|   |   |   |   |   |   |   |   |   |   |--- class: 0.0
|   |--- feature_4 >  0.88
|   |   |--- feature_0 <= 0.50
|   |   |   |--- class: 0.0
|   |   |--- feature_0 >  0.50
|   |   |   |--- feature_8 <= 0.83
|   |   |   |   |--- feature_7 <= 0.66
|   |   |   |   |   |--- feature_3 <= 0.27
|   |   |   |   |   |   |--- class: 1.0
|   |   |   |   |   |--- feature_3 >  0.27
|   |   |   |   |   |   |--- feature_8 <= 0.50
|   |   |   |   |   |   |   |--- class: 1.0
|   |   |   |   |   |   |--- feature_8 >  0.50
|   |   |   |   |   |   |   |--- feature_4 <= 0.93
|   |   |   |   |   |   |   |   |--- class: 1.0
|   |   |   |   |   |   |   |--- feature_4 >  0.93
|   |   |   |   |   |   |   |   |--- class: 0.0
|   |   |   |   |--- feature_7 >  0.66
|   |   |   |   |   |--- feature_2 <= 0.33
|   |   |   |   |   |   |--- feature_2 <= 0.24
|   |   |   |   |   |   |   |--- feature_6 <= 0.50
|   |   |   |   |   |   |   |   |--- class: 0.0
|   |   |   |   |   |   |   |--- feature_6 >  0.50
|   |   |   |   |   |   |   |   |--- class: 1.0
|   |   |   |   |   |   |--- feature_2 >  0.24
|   |   |   |   |   |   |   |--- class: 0.0
|   |   |   |   |   |--- feature_2 >  0.33
|   |   |   |   |   |   |--- feature_4 <= 0.96
|   |   |   |   |   |   |   |--- feature_2 <= 0.60
|   |   |   |   |   |   |   |   |--- feature_4 <= 0.95
|   |   |   |   |   |   |   |   |   |--- class: 1.0
|   |   |   |   |   |   |   |   |--- feature_4 >  0.95
|   |   |   |   |   |   |   |   |   |--- feature_2 <= 0.44
|   |   |   |   |   |   |   |   |   |   |--- class: 1.0
|   |   |   |   |   |   |   |   |   |--- feature_2 >  0.44
|   |   |   |   |   |   |   |   |   |   |--- class: 0.0
|   |   |   |   |   |   |   |--- feature_2 >  0.60
|   |   |   |   |   |   |   |   |--- feature_3 <= 0.36
|   |   |   |   |   |   |   |   |   |--- feature_2 <= 0.64
|   |   |   |   |   |   |   |   |   |   |--- feature_1 <= 0.08
|   |   |   |   |   |   |   |   |   |   |   |--- class: 1.0
|   |   |   |   |   |   |   |   |   |   |--- feature_1 >  0.08
|   |   |   |   |   |   |   |   |   |   |   |--- class: 0.0
|   |   |   |   |   |   |   |   |   |--- feature_2 >  0.64
|   |   |   |   |   |   |   |   |   |   |--- class: 1.0
|   |   |   |   |   |   |   |   |--- feature_3 >  0.36
|   |   |   |   |   |   |   |   |   |--- class: 0.0
|   |   |   |   |   |   |--- feature_4 >  0.96
|   |   |   |   |   |   |   |--- class: 0.0
|   |   |   |--- feature_8 >  0.83
|   |   |   |   |--- feature_3 <= 0.23
|   |   |   |   |   |--- feature_4 <= 0.94
|   |   |   |   |   |   |--- class: 0.0
|   |   |   |   |   |--- feature_4 >  0.94
|   |   |   |   |   |   |--- feature_1 <= 0.19
|   |   |   |   |   |   |   |--- class: 0.0
|   |   |   |   |   |   |--- feature_1 >  0.19
|   |   |   |   |   |   |   |--- class: 1.0
|   |   |   |   |--- feature_3 >  0.23
|   |   |   |   |   |--- feature_7 <= 0.57
|   |   |   |   |   |   |--- class: 0.0
|   |   |   |   |   |--- feature_7 >  0.57
|   |   |   |   |   |   |--- feature_4 <= 0.89
|   |   |   |   |   |   |   |--- class: 0.0
|   |   |   |   |   |   |--- feature_4 >  0.89
|   |   |   |   |   |   |   |--- feature_3 <= 0.36
|   |   |   |   |   |   |   |   |--- class: 1.0
|   |   |   |   |   |   |   |--- feature_3 >  0.36
|   |   |   |   |   |   |   |   |--- feature_2 <= 0.54
|   |   |   |   |   |   |   |   |   |--- class: 1.0
|   |   |   |   |   |   |   |   |--- feature_2 >  0.54
|   |   |   |   |   |   |   |   |   |--- class: 0.0
|--- feature_5 >  0.50
|   |--- feature_0 <= 0.50
|   |   |--- class: 0.0
|   |--- feature_0 >  0.50
|   |   |--- feature_6 <= 0.50
|   |   |   |--- feature_4 <= 0.84
|   |   |   |   |--- feature_2 <= 0.59
|   |   |   |   |   |--- feature_4 <= 0.82
|   |   |   |   |   |   |--- feature_2 <= 0.59
|   |   |   |   |   |   |   |--- feature_4 <= 0.52
|   |   |   |   |   |   |   |   |--- feature_2 <= 0.48
|   |   |   |   |   |   |   |   |   |--- feature_8 <= 0.50
|   |   |   |   |   |   |   |   |   |   |--- class: 1.0
|   |   |   |   |   |   |   |   |   |--- feature_8 >  0.50
|   |   |   |   |   |   |   |   |   |   |--- class: 0.0
|   |   |   |   |   |   |   |   |--- feature_2 >  0.48
|   |   |   |   |   |   |   |   |   |--- class: 1.0
|   |   |   |   |   |   |   |--- feature_4 >  0.52
|   |   |   |   |   |   |   |   |--- feature_4 <= 0.67
|   |   |   |   |   |   |   |   |   |--- feature_2 <= 0.17
|   |   |   |   |   |   |   |   |   |   |--- feature_4 <= 0.60
|   |   |   |   |   |   |   |   |   |   |   |--- class: 0.0
|   |   |   |   |   |   |   |   |   |   |--- feature_4 >  0.60
|   |   |   |   |   |   |   |   |   |   |   |--- class: 1.0
|   |   |   |   |   |   |   |   |   |--- feature_2 >  0.17
|   |   |   |   |   |   |   |   |   |   |--- class: 1.0
|   |   |   |   |   |   |   |   |--- feature_4 >  0.67
|   |   |   |   |   |   |   |   |   |--- feature_4 <= 0.72
|   |   |   |   |   |   |   |   |   |   |--- feature_3 <= 0.32
|   |   |   |   |   |   |   |   |   |   |   |--- truncated branch of depth 2
|   |   |   |   |   |   |   |   |   |   |--- feature_3 >  0.32
|   |   |   |   |   |   |   |   |   |   |   |--- truncated branch of depth 2
|   |   |   |   |   |   |   |   |   |--- feature_4 >  0.72
|   |   |   |   |   |   |   |   |   |   |--- feature_2 <= 0.54
|   |   |   |   |   |   |   |   |   |   |   |--- truncated branch of depth 5
|   |   |   |   |   |   |   |   |   |   |--- feature_2 >  0.54
|   |   |   |   |   |   |   |   |   |   |   |--- truncated branch of depth 2
|   |   |   |   |   |   |--- feature_2 >  0.59
|   |   |   |   |   |   |   |--- class: 0.0
|   |   |   |   |   |--- feature_4 >  0.82
|   |   |   |   |   |   |--- feature_7 <= 0.83
|   |   |   |   |   |   |   |--- class: 0.0
|   |   |   |   |   |   |--- feature_7 >  0.83
|   |   |   |   |   |   |   |--- class: 1.0
|   |   |   |   |--- feature_2 >  0.59
|   |   |   |   |   |--- feature_3 <= 1.00
|   |   |   |   |   |   |--- feature_7 <= 0.94
|   |   |   |   |   |   |   |--- class: 1.0
|   |   |   |   |   |   |--- feature_7 >  0.94
|   |   |   |   |   |   |   |--- feature_7 <= 0.95
|   |   |   |   |   |   |   |   |--- class: 0.0
|   |   |   |   |   |   |   |--- feature_7 >  0.95
|   |   |   |   |   |   |   |   |--- class: 1.0
|   |   |   |   |   |--- feature_3 >  1.00
|   |   |   |   |   |   |--- feature_2 <= 0.69
|   |   |   |   |   |   |   |--- class: 0.0
|   |   |   |   |   |   |--- feature_2 >  0.69
|   |   |   |   |   |   |   |--- class: 1.0
|   |   |   |--- feature_4 >  0.84
|   |   |   |   |--- feature_2 <= 0.92
|   |   |   |   |   |--- feature_7 <= 0.91
|   |   |   |   |   |   |--- feature_3 <= 0.74
|   |   |   |   |   |   |   |--- feature_1 <= 0.12
|   |   |   |   |   |   |   |   |--- feature_4 <= 0.86
|   |   |   |   |   |   |   |   |   |--- feature_3 <= 0.48
|   |   |   |   |   |   |   |   |   |   |--- class: 1.0
|   |   |   |   |   |   |   |   |   |--- feature_3 >  0.48
|   |   |   |   |   |   |   |   |   |   |--- feature_2 <= 0.52
|   |   |   |   |   |   |   |   |   |   |   |--- class: 0.0
|   |   |   |   |   |   |   |   |   |   |--- feature_2 >  0.52
|   |   |   |   |   |   |   |   |   |   |   |--- class: 1.0
|   |   |   |   |   |   |   |   |--- feature_4 >  0.86
|   |   |   |   |   |   |   |   |   |--- feature_7 <= 0.84
|   |   |   |   |   |   |   |   |   |   |--- class: 1.0
|   |   |   |   |   |   |   |   |   |--- feature_7 >  0.84
|   |   |   |   |   |   |   |   |   |   |--- feature_7 <= 0.86
|   |   |   |   |   |   |   |   |   |   |   |--- truncated branch of depth 2
|   |   |   |   |   |   |   |   |   |   |--- feature_7 >  0.86
|   |   |   |   |   |   |   |   |   |   |   |--- class: 1.0
|   |   |   |   |   |   |   |--- feature_1 >  0.12
|   |   |   |   |   |   |   |   |--- feature_2 <= 0.42
|   |   |   |   |   |   |   |   |   |--- class: 0.0
|   |   |   |   |   |   |   |   |--- feature_2 >  0.42
|   |   |   |   |   |   |   |   |   |--- class: 1.0
|   |   |   |   |   |   |--- feature_3 >  0.74
|   |   |   |   |   |   |   |--- feature_2 <= 0.44
|   |   |   |   |   |   |   |   |--- class: 0.0
|   |   |   |   |   |   |   |--- feature_2 >  0.44
|   |   |   |   |   |   |   |   |--- class: 1.0
|   |   |   |   |   |--- feature_7 >  0.91
|   |   |   |   |   |   |--- feature_2 <= 0.55
|   |   |   |   |   |   |   |--- class: 1.0
|   |   |   |   |   |   |--- feature_2 >  0.55
|   |   |   |   |   |   |   |--- feature_3 <= 0.36
|   |   |   |   |   |   |   |   |--- feature_7 <= 0.92
|   |   |   |   |   |   |   |   |   |--- feature_1 <= 0.04
|   |   |   |   |   |   |   |   |   |   |--- class: 0.0
|   |   |   |   |   |   |   |   |   |--- feature_1 >  0.04
|   |   |   |   |   |   |   |   |   |   |--- class: 1.0
|   |   |   |   |   |   |   |   |--- feature_7 >  0.92
|   |   |   |   |   |   |   |   |   |--- class: 0.0
|   |   |   |   |   |   |   |--- feature_3 >  0.36
|   |   |   |   |   |   |   |   |--- class: 1.0
|   |   |   |   |--- feature_2 >  0.92
|   |   |   |   |   |--- feature_2 <= 0.96
|   |   |   |   |   |   |--- class: 0.0
|   |   |   |   |   |--- feature_2 >  0.96
|   |   |   |   |   |   |--- class: 1.0
|   |   |--- feature_6 >  0.50
|   |   |   |--- feature_3 <= 0.91
|   |   |   |   |--- feature_2 <= 0.74
|   |   |   |   |   |--- feature_8 <= 0.17
|   |   |   |   |   |   |--- feature_2 <= 0.20
|   |   |   |   |   |   |   |--- class: 0.0
|   |   |   |   |   |   |--- feature_2 >  0.20
|   |   |   |   |   |   |   |--- class: 1.0
|   |   |   |   |   |--- feature_8 >  0.17
|   |   |   |   |   |   |--- feature_1 <= 0.27
|   |   |   |   |   |   |   |--- feature_4 <= 0.50
|   |   |   |   |   |   |   |   |--- feature_7 <= 0.83
|   |   |   |   |   |   |   |   |   |--- class: 1.0
|   |   |   |   |   |   |   |   |--- feature_7 >  0.83
|   |   |   |   |   |   |   |   |   |--- class: 0.0
|   |   |   |   |   |   |   |--- feature_4 >  0.50
|   |   |   |   |   |   |   |   |--- class: 1.0
|   |   |   |   |   |   |--- feature_1 >  0.27
|   |   |   |   |   |   |   |--- feature_4 <= 0.77
|   |   |   |   |   |   |   |   |--- feature_4 <= 0.75
|   |   |   |   |   |   |   |   |   |--- class: 1.0
|   |   |   |   |   |   |   |   |--- feature_4 >  0.75
|   |   |   |   |   |   |   |   |   |--- class: 0.0
|   |   |   |   |   |   |   |--- feature_4 >  0.77
|   |   |   |   |   |   |   |   |--- class: 1.0
|   |   |   |   |--- feature_2 >  0.74
|   |   |   |   |   |--- feature_3 <= 0.16
|   |   |   |   |   |   |--- class: 0.0
|   |   |   |   |   |--- feature_3 >  0.16
|   |   |   |   |   |   |--- feature_2 <= 0.74
|   |   |   |   |   |   |   |--- class: 0.0
|   |   |   |   |   |   |--- feature_2 >  0.74
|   |   |   |   |   |   |   |--- feature_4 <= 0.95
|   |   |   |   |   |   |   |   |--- feature_7 <= 0.64
|   |   |   |   |   |   |   |   |   |--- feature_7 <= 0.61
|   |   |   |   |   |   |   |   |   |   |--- class: 1.0
|   |   |   |   |   |   |   |   |   |--- feature_7 >  0.61
|   |   |   |   |   |   |   |   |   |   |--- class: 0.0
|   |   |   |   |   |   |   |   |--- feature_7 >  0.64
|   |   |   |   |   |   |   |   |   |--- class: 1.0
|   |   |   |   |   |   |   |--- feature_4 >  0.95
|   |   |   |   |   |   |   |   |--- feature_3 <= 0.25
|   |   |   |   |   |   |   |   |   |--- class: 1.0
|   |   |   |   |   |   |   |   |--- feature_3 >  0.25
|   |   |   |   |   |   |   |   |   |--- class: 0.0
|   |   |   |--- feature_3 >  0.91
|   |   |   |   |--- class: 0.0
